<?xml version="1.0" encoding="UTF-8"?>
<testng-results total="1" passed="1" failed="0" skipped="0">
  <reporter-output>
  </reporter-output>
  <suite started-at="2021-05-02T06:53:48Z" name="Default suite" finished-at="2021-05-02T06:54:41Z" duration-ms="53030">
    <groups>
      <group name="cucumber">
        <method signature="AbstractTestNGCucumberTests.runScenario(io.cucumber.testng.PickleWrapper, io.cucumber.testng.FeatureWrapper)[pri:0, instance:Runner.Test_Runner@4a883b15]" name="runScenario" class="io.cucumber.testng.AbstractTestNGCucumberTests"/>
      </group> <!-- cucumber -->
    </groups>
    <test started-at="2021-05-02T06:53:48Z" name="Default test" finished-at="2021-05-02T06:54:41Z" duration-ms="53030">
      <class name="Runner.Test_Runner">
        <test-method is-config="true" signature="setUpClass()[pri:0, instance:Runner.Test_Runner@4a883b15]" started-at="2021-05-02T12:23:48Z" name="setUpClass" finished-at="2021-05-02T12:23:49Z" duration-ms="1010" status="PASS">
          <reporter-output>
          </reporter-output>
        </test-method> <!-- setUpClass -->
        <test-method signature="runScenario(io.cucumber.testng.PickleWrapper, io.cucumber.testng.FeatureWrapper)[pri:0, instance:Runner.Test_Runner@4a883b15]" started-at="2021-05-02T12:23:49Z" name="runScenario" description="Runs Cucumber Scenarios" data-provider="scenarios" finished-at="2021-05-02T12:24:41Z" duration-ms="51633" status="PASS">
          <params>
            <param index="0">
              <value>
                <![CDATA["Signup successfully with valid data and validate the email and send to valid id"]]>
              </value>
            </param>
            <param index="1">
              <value>
                <![CDATA["Optional[Test Signup]"]]>
              </value>
            </param>
          </params>
          <reporter-output>
          </reporter-output>
        </test-method> <!-- runScenario -->
        <test-method is-config="true" signature="tearDownClass()[pri:0, instance:Runner.Test_Runner@4a883b15]" started-at="2021-05-02T12:24:41Z" name="tearDownClass" finished-at="2021-05-02T12:24:41Z" duration-ms="356" status="PASS">
          <reporter-output>
          </reporter-output>
        </test-method> <!-- tearDownClass -->
      </class> <!-- Runner.Test_Runner -->
    </test> <!-- Default test -->
  </suite> <!-- Default suite -->
</testng-results>
